# JRE version: Java(TM) SE Runtime Environment (8.0_131-b11) (build 1.8.0_131-b11)
# Java VM: Java HotSpot(TM) 64-Bit Server VM (25.131-b11 mixed mode windows-amd64 compressed oops)
Heap:
 par new generation   total 314560K, used 45814K [0x00000000c0000000, 0x00000000d5550000, 0x00000000d5550000)
  eden space 279616K,   8% used [0x00000000c0000000, 0x00000000c17c9da8, 0x00000000d1110000)
  from space 34944K,  61% used [0x00000000d1110000, 0x00000000d2603e40, 0x00000000d3330000)
  to   space 34944K,   0% used [0x00000000d3330000, 0x00000000d3330000, 0x00000000d5550000)
 concurrent mark-sweep generation total 699072K, used 84234K [0x00000000d5550000, 0x0000000100000000, 0x0000000100000000)
 Metaspace       used 32702K, capacity 32977K, committed 33408K, reserved 1079296K
  class space    used 4255K, capacity 4353K, committed 4480K, reserved 1048576K
GC Heap History (10 events):
Event: 14.539 GC heap before
{Heap before GC invocations=4 (full 3):
 par new generation   total 314560K, used 314560K [0x00000000c0000000, 0x00000000d5550000, 0x00000000d5550000)
  eden space 279616K, 100% used [0x00000000c0000000, 0x00000000d1110000, 0x00000000d1110000)
  from space 34944K, 100% used [0x00000000d3330000, 0x00000000d5550000, 0x00000000d5550000)
  to   space 34944K,   0% used [0x00000000d1110000, 0x00000000d1110000, 0x00000000d3330000)
 concurrent mark-sweep generation total 699072K, used 46325K [0x00000000d5550000, 0x0000000100000000, 0x0000000100000000)
 Metaspace       used 25229K, capacity 25427K, committed 25856K, reserved 1071104K
  class space    used 3139K, capacity 3212K, committed 3328K, reserved 1048576K
Event: 14.614 GC heap after
Heap after GC invocations=5 (full 3):
 par new generation   total 314560K, used 34944K [0x00000000c0000000, 0x00000000d5550000, 0x00000000d5550000)
  eden space 279616K,   0% used [0x00000000c0000000, 0x00000000c0000000, 0x00000000d1110000)
  from space 34944K, 100% used [0x00000000d1110000, 0x00000000d3330000, 0x00000000d3330000)
  to   space 34944K,   0% used [0x00000000d3330000, 0x00000000d3330000, 0x00000000d5550000)
 concurrent mark-sweep generation total 699072K, used 113500K [0x00000000d5550000, 0x0000000100000000, 0x0000000100000000)
 Metaspace       used 25229K, capacity 25427K, committed 25856K, reserved 1071104K
  class space    used 3139K, capacity 3212K, committed 3328K, reserved 1048576K
}
Event: 17.027 GC heap before
{Heap before GC invocations=5 (full 3):
 par new generation   total 314560K, used 314560K [0x00000000c0000000, 0x00000000d5550000, 0x00000000d5550000)
  eden space 279616K, 100% used [0x00000000c0000000, 0x00000000d1110000, 0x00000000d1110000)
  from space 34944K, 100% used [0x00000000d1110000, 0x00000000d3330000, 0x00000000d3330000)
  to   space 34944K,   0% used [0x00000000d3330000, 0x00000000d3330000, 0x00000000d5550000)
 concurrent mark-sweep generation total 699072K, used 113390K [0x00000000d5550000, 0x0000000100000000, 0x0000000100000000)
 Metaspace       used 25696K, capacity 25945K, committed 26112K, reserved 1073152K
  class space    used 3193K, capacity 3277K, committed 3328K, reserved 1048576K
Event: 17.118 GC heap after
Heap after GC invocations=6 (full 3):
 par new generation   total 314560K, used 34944K [0x00000000c0000000, 0x00000000d5550000, 0x00000000d5550000)
  eden space 279616K,   0% used [0x00000000c0000000, 0x00000000c0000000, 0x00000000d1110000)
  from space 34944K, 100% used [0x00000000d3330000, 0x00000000d5550000, 0x00000000d5550000)
  to   space 34944K,   0% used [0x00000000d1110000, 0x00000000d1110000, 0x00000000d3330000)
 concurrent mark-sweep generation total 699072K, used 143682K [0x00000000d5550000, 0x0000000100000000, 0x0000000100000000)
 Metaspace       used 25696K, capacity 25945K, committed 26112K, reserved 1073152K
  class space    used 3193K, capacity 3277K, committed 3328K, reserved 1048576K
}
Event: 18.609 GC heap before
{Heap before GC invocations=6 (full 3):
 par new generation   total 314560K, used 314560K [0x00000000c0000000, 0x00000000d5550000, 0x00000000d5550000)
  eden space 279616K, 100% used [0x00000000c0000000, 0x00000000d1110000, 0x00000000d1110000)
  from space 34944K, 100% used [0x00000000d3330000, 0x00000000d5550000, 0x00000000d5550000)
  to   space 34944K,   0% used [0x00000000d1110000, 0x00000000d1110000, 0x00000000d3330000)
 concurrent mark-sweep generation total 699072K, used 143682K [0x00000000d5550000, 0x0000000100000000, 0x0000000100000000)
 Metaspace       used 29200K, capacity 29417K, committed 29696K, reserved 1075200K
  class space    used 3657K, capacity 3771K, committed 3840K, reserved 1048576K
Event: 18.631 GC heap after
Heap after GC invocations=7 (full 3):
 par new generation   total 314560K, used 20567K [0x00000000c0000000, 0x00000000d5550000, 0x00000000d5550000)
  eden space 279616K,   0% used [0x00000000c0000000, 0x00000000c0000000, 0x00000000d1110000)
  from space 34944K,  58% used [0x00000000d1110000, 0x00000000d2525f08, 0x00000000d3330000)
  to   space 34944K,   0% used [0x00000000d3330000, 0x00000000d3330000, 0x00000000d5550000)
 concurrent mark-sweep generation total 699072K, used 151020K [0x00000000d5550000, 0x0000000100000000, 0x0000000100000000)
 Metaspace       used 29200K, capacity 29417K, committed 29696K, reserved 1075200K
  class space    used 3657K, capacity 3771K, committed 3840K, reserved 1048576K
}
Event: 19.684 GC heap before
{Heap before GC invocations=7 (full 4):
 par new generation   total 314560K, used 300183K [0x00000000c0000000, 0x00000000d5550000, 0x00000000d5550000)
  eden space 279616K, 100% used [0x00000000c0000000, 0x00000000d1110000, 0x00000000d1110000)
  from space 34944K,  58% used [0x00000000d1110000, 0x00000000d2525f08, 0x00000000d3330000)
  to   space 34944K,   0% used [0x00000000d3330000, 0x00000000d3330000, 0x00000000d5550000)
 concurrent mark-sweep generation total 699072K, used 151020K [0x00000000d5550000, 0x0000000100000000, 0x0000000100000000)
 Metaspace       used 30859K, capacity 31193K, committed 31616K, reserved 1077248K
  class space    used 3999K, capacity 4125K, committed 4224K, reserved 1048576K
Event: 19.697 GC heap after
Heap after GC invocations=8 (full 4):
 par new generation   total 314560K, used 27007K [0x00000000c0000000, 0x00000000d5550000, 0x00000000d5550000)
  eden space 279616K,   0% used [0x00000000c0000000, 0x00000000c0000000, 0x00000000d1110000)
  from space 34944K,  77% used [0x00000000d3330000, 0x00000000d4d8fe78, 0x00000000d5550000)
  to   space 34944K,   0% used [0x00000000d1110000, 0x00000000d1110000, 0x00000000d3330000)
 concurrent mark-sweep generation total 699072K, used 151020K [0x00000000d5550000, 0x0000000100000000, 0x0000000100000000)
 Metaspace       used 30859K, capacity 31193K, committed 31616K, reserved 1077248K
  class space    used 3999K, capacity 4125K, committed 4224K, reserved 1048576K
}
Event: 21.243 GC heap before
{Heap before GC invocations=8 (full 4):
 par new generation   total 314560K, used 306623K [0x00000000c0000000, 0x00000000d5550000, 0x00000000d5550000)
  eden space 279616K, 100% used [0x00000000c0000000, 0x00000000d1110000, 0x00000000d1110000)
  from space 34944K,  77% used [0x00000000d3330000, 0x00000000d4d8fe78, 0x00000000d5550000)
  to   space 34944K,   0% used [0x00000000d1110000, 0x00000000d1110000, 0x00000000d3330000)
 concurrent mark-sweep generation total 699072K, used 69794K [0x00000000d5550000, 0x0000000100000000, 0x0000000100000000)
 Metaspace       used 32606K, capacity 32913K, committed 33408K, reserved 1079296K
  class space    used 4245K, capacity 4353K, committed 4480K, reserved 1048576K
Event: 21.271 GC heap after
Heap after GC invocations=9 (full 4):
 par new generation   total 314560K, used 21455K [0x00000000c0000000, 0x00000000d5550000, 0x00000000d5550000)
  eden space 279616K,   0% used [0x00000000c0000000, 0x00000000c0000000, 0x00000000d1110000)
  from space 34944K,  61% used [0x00000000d1110000, 0x00000000d2603e40, 0x00000000d3330000)
  to   space 34944K,   0% used [0x00000000d3330000, 0x00000000d3330000, 0x00000000d5550000)
 concurrent mark-sweep generation total 699072K, used 84234K [0x00000000d5550000, 0x0000000100000000, 0x0000000100000000)
 Metaspace       used 32606K, capacity 32913K, committed 33408K, reserved 1079296K
  class space    used 4245K, capacity 4353K, committed 4480K, reserved 1048576K
}

